<?xml version="1.0" encoding="UTF-8" ?>
<testsuite tests="1" failures="0" name="com.alibaba.datax.plugin.reader.hbase11xsqlreader.HbaseSQLReaderTaskTest" time="91.144" errors="1" skipped="0">
  <properties>
    <property name="java.runtime.name" value="Java(TM) SE Runtime Environment"/>
    <property name="sun.boot.library.path" value="C:\Program Files\Java\jdk1.8.0_211\jre\bin"/>
    <property name="java.vm.version" value="25.211-b12"/>
    <property name="java.vm.vendor" value="Oracle Corporation"/>
    <property name="maven.multiModuleProjectDirectory" value="G:\clone\dataX"/>
    <property name="java.vendor.url" value="http://java.oracle.com/"/>
    <property name="path.separator" value=";"/>
    <property name="guice.disable.misplaced.annotation.check" value="true"/>
    <property name="java.vm.name" value="Java HotSpot(TM) 64-Bit Server VM"/>
    <property name="file.encoding.pkg" value="sun.io"/>
    <property name="user.script" value=""/>
    <property name="user.country" value="CN"/>
    <property name="sun.java.launcher" value="SUN_STANDARD"/>
    <property name="sun.os.patch.level" value=""/>
    <property name="java.vm.specification.name" value="Java Virtual Machine Specification"/>
    <property name="user.dir" value="G:\clone\dataX"/>
    <property name="maven" value="true"/>
    <property name="java.runtime.version" value="1.8.0_211-b12"/>
    <property name="java.awt.graphicsenv" value="sun.awt.Win32GraphicsEnvironment"/>
    <property name="java.endorsed.dirs" value="C:\Program Files\Java\jdk1.8.0_211\jre\lib\endorsed"/>
    <property name="os.arch" value="amd64"/>
    <property name="java.io.tmpdir" value="C:\Users\52702\AppData\Local\Temp\"/>
    <property name="line.separator" value="
"/>
    <property name="java.vm.specification.vendor" value="Oracle Corporation"/>
    <property name="user.variant" value=""/>
    <property name="os.name" value="Windows 10"/>
    <property name="classworlds.conf" value="C:\maven\bin\..\bin\m2.conf"/>
    <property name="sun.jnu.encoding" value="GBK"/>
    <property name="java.library.path" value="C:\Program Files\Java\jdk1.8.0_211\bin;C:\WINDOWS\Sun\Java\bin;C:\WINDOWS\system32;C:\WINDOWS;C:\Program Files (x86)\Common Files\Oracle\Java\javapath;C:\Program Files (x86)\Common Files\Intel\Shared Libraries\redist\intel64\compiler;C:\WINDOWS\system32;C:\WINDOWS;C:\WINDOWS\System32\Wbem;C:\WINDOWS\System32\WindowsPowerShell\v1.0\;C:\WINDOWS\System32\OpenSSH\;C:\Program Files\NVIDIA Corporation\NVIDIA NvDLISR;C:\Program Files\Git\cmd;C:\Program Files (x86)\NVIDIA Corporation\PhysX\Common;C:\Users\52702\AppData\Roaming\nvm;C:\Program Files\nodejs;C:\Users\52702\AppData\Local\Android\Sdk\platform-tools;C:\Users\52702\AppData\Local\Android\Sdk\tools\bin;C:\Users\52702\AppData\Local\Android\Sdk\build-tools??version??;C:\Users\52702\AppData\Local\Android\Sdk\tools\bin;C:\Program Files\Java\jdk1.8.0_211bin;C:\Users\52702\AppData\Local\Android\Sdk\build-tools\28.0.3\;C:\Program Files\Java\jdk1.8.0_211\bin;C:\Program Files\Java\jre1.8.0_211\bin;C:\Users\52702\Anaconda3;C:\Users\52702\Anaconda3\Library\mingw-w64\bin;C:\Users\52702\Anaconda3\Library\usr\bin;C:\Users\52702\Anaconda3\Library\bin;C:\Users\52702\Anaconda3\Scripts;C:\Users\52702\AppData\Local\Microsoft\WindowsApps;C:\Users\52702\AppData\Roaming\nvm;C:\Program Files\nodejs;C:\Users\52702\AppData\Local\Programs\Fiddler;C:\Users\52702\AppData\Local\Android\Sdk\tools;C:\Users\52702\AppData\Local\Android\Sdk\platform-tools;C:\maven\bin\;;."/>
    <property name="maven.conf" value="C:\maven\bin\../conf"/>
    <property name="java.specification.name" value="Java Platform API Specification"/>
    <property name="java.class.version" value="52.0"/>
    <property name="sun.management.compiler" value="HotSpot 64-Bit Tiered Compilers"/>
    <property name="os.version" value="10.0"/>
    <property name="library.jansi.path" value="C:\maven\bin\..\lib\jansi-native"/>
    <property name="user.home" value="C:\Users\52702"/>
    <property name="user.timezone" value="Asia/Shanghai"/>
    <property name="java.awt.printerjob" value="sun.awt.windows.WPrinterJob"/>
    <property name="java.specification.version" value="1.8"/>
    <property name="file.encoding" value="GBK"/>
    <property name="user.name" value="Terence"/>
    <property name="java.class.path" value="C:\maven\bin\..\boot\plexus-classworlds-2.6.0.jar"/>
    <property name="java.vm.specification.version" value="1.8"/>
    <property name="sun.arch.data.model" value="64"/>
    <property name="java.home" value="C:\Program Files\Java\jdk1.8.0_211\jre"/>
    <property name="sun.java.command" value="org.codehaus.plexus.classworlds.launcher.Launcher -U clean package assembly:assembly -Dmaven .test.skip=true"/>
    <property name="java.specification.vendor" value="Oracle Corporation"/>
    <property name="user.language" value="zh"/>
    <property name="awt.toolkit" value="sun.awt.windows.WToolkit"/>
    <property name="java.vm.info" value="mixed mode"/>
    <property name="java.version" value="1.8.0_211"/>
    <property name="java.ext.dirs" value="C:\Program Files\Java\jdk1.8.0_211\jre\lib\ext;C:\WINDOWS\Sun\Java\lib\ext"/>
    <property name="sun.boot.class.path" value="C:\Program Files\Java\jdk1.8.0_211\jre\lib\resources.jar;C:\Program Files\Java\jdk1.8.0_211\jre\lib\rt.jar;C:\Program Files\Java\jdk1.8.0_211\jre\lib\sunrsasign.jar;C:\Program Files\Java\jdk1.8.0_211\jre\lib\jsse.jar;C:\Program Files\Java\jdk1.8.0_211\jre\lib\jce.jar;C:\Program Files\Java\jdk1.8.0_211\jre\lib\charsets.jar;C:\Program Files\Java\jdk1.8.0_211\jre\lib\jfr.jar;C:\Program Files\Java\jdk1.8.0_211\jre\classes"/>
    <property name="sun.stderr.encoding" value="ms936"/>
    <property name="java.vendor" value="Oracle Corporation"/>
    <property name="maven.home" value="C:\maven\bin\.."/>
    <property name="file.separator" value="\"/>
    <property name="java.vendor.url.bug" value="http://bugreport.sun.com/bugreport/"/>
    <property name="sun.cpu.endian" value="little"/>
    <property name="sun.io.unicode.encoding" value="UnicodeLittle"/>
    <property name="sun.stdout.encoding" value="ms936"/>
    <property name="sun.desktop" value="windows"/>
    <property name="sun.cpu.isalist" value="amd64"/>
  </properties>
  <testcase classname="com.alibaba.datax.plugin.reader.hbase11xsqlreader.HbaseSQLReaderTaskTest" name="testReadRecord" time="91.144">
    <error message="Code:[Hbasewriter-02], Description:[获取phoenix表的列值错误]. - HBase的columns配置不能为空,请添加目标表的列名配置.org.apache.hadoop.hbase.client.RetriesExhaustedException: Can&apos;t get the locations - java.sql.SQLException: org.apache.hadoop.hbase.client.RetriesExhaustedException: Can&apos;t get the locations
	at org.apache.phoenix.query.ConnectionQueryServicesImpl$13.call(ConnectionQueryServicesImpl.java:2468)
	at org.apache.phoenix.query.ConnectionQueryServicesImpl$13.call(ConnectionQueryServicesImpl.java:2374)
	at org.apache.phoenix.util.PhoenixContextExecutor.call(PhoenixContextExecutor.java:76)
	at org.apache.phoenix.query.ConnectionQueryServicesImpl.init(ConnectionQueryServicesImpl.java:2374)
	at org.apache.phoenix.jdbc.PhoenixDriver.getConnectionQueryServices(PhoenixDriver.java:255)
	at org.apache.phoenix.jdbc.PhoenixEmbeddedDriver.createConnection(PhoenixEmbeddedDriver.java:154)
	at org.apache.phoenix.jdbc.PhoenixDriver.connect(PhoenixDriver.java:221)
	at java.sql.DriverManager.getConnection(DriverManager.java:664)
	at java.sql.DriverManager.getConnection(DriverManager.java:270)
	at com.alibaba.datax.plugin.reader.hbase11xsqlreader.HbaseSQLHelper.getPColumnNames(HbaseSQLHelper.java:67)
	at com.alibaba.datax.plugin.reader.hbase11xsqlreader.HbaseSQLReaderConfig.parseTableConfig(HbaseSQLReaderConfig.java:127)
	at com.alibaba.datax.plugin.reader.hbase11xsqlreader.HbaseSQLReaderConfig.parse(HbaseSQLReaderConfig.java:71)
	at com.alibaba.datax.plugin.reader.hbase11xsqlreader.HbaseSQLHelper.parseConfig(HbaseSQLHelper.java:112)
	at com.alibaba.datax.plugin.reader.hbase11xsqlreader.HbaseSQLReaderTaskTest.generateSplitConfig(HbaseSQLReaderTaskTest.java:28)
	at com.alibaba.datax.plugin.reader.hbase11xsqlreader.HbaseSQLReaderTaskTest.testReadRecord(HbaseSQLReaderTaskTest.java:36)
	at sun.reflect.NativeMethodAccessorImpl.invoke0(Native Method)
	at sun.reflect.NativeMethodAccessorImpl.invoke(NativeMethodAccessorImpl.java:62)
	at sun.reflect.DelegatingMethodAccessorImpl.invoke(DelegatingMethodAccessorImpl.java:43)
	at java.lang.reflect.Method.invoke(Method.java:498)
	at org.junit.runners.model.FrameworkMethod$1.runReflectiveCall(FrameworkMethod.java:47)
	at org.junit.internal.runners.model.ReflectiveCallable.run(ReflectiveCallable.java:12)
	at org.junit.runners.model.FrameworkMethod.invokeExplosively(FrameworkMethod.java:44)
	at org.junit.internal.runners.statements.InvokeMethod.evaluate(InvokeMethod.java:17)
	at org.junit.runners.ParentRunner.runLeaf(ParentRunner.java:271)
	at org.junit.runners.BlockJUnit4ClassRunner.runChild(BlockJUnit4ClassRunner.java:70)
	at org.junit.runners.BlockJUnit4ClassRunner.runChild(BlockJUnit4ClassRunner.java:50)
	at org.junit.runners.ParentRunner$3.run(ParentRunner.java:238)
	at org.junit.runners.ParentRunner$1.schedule(ParentRunner.java:63)
	at org.junit.runners.ParentRunner.runChildren(ParentRunner.java:236)
	at org.junit.runners.ParentRunner.access$000(ParentRunner.java:53)
	at org.junit.runners.ParentRunner$2.evaluate(ParentRunner.java:229)
	at org.junit.runners.ParentRunner.run(ParentRunner.java:309)
	at org.apache.maven.surefire.junit4.JUnit4Provider.execute(JUnit4Provider.java:252)
	at org.apache.maven.surefire.junit4.JUnit4Provider.executeTestSet(JUnit4Provider.java:141)
	at org.apache.maven.surefire.junit4.JUnit4Provider.invoke(JUnit4Provider.java:112)
	at sun.reflect.NativeMethodAccessorImpl.invoke0(Native Method)
	at sun.reflect.NativeMethodAccessorImpl.invoke(NativeMethodAccessorImpl.java:62)
	at sun.reflect.DelegatingMethodAccessorImpl.invoke(DelegatingMethodAccessorImpl.java:43)
	at java.lang.reflect.Method.invoke(Method.java:498)
	at org.apache.maven.surefire.util.ReflectionUtils.invokeMethodWithArray(ReflectionUtils.java:189)
	at org.apache.maven.surefire.booter.ProviderFactory$ProviderProxy.invoke(ProviderFactory.java:165)
	at org.apache.maven.surefire.booter.ProviderFactory.invokeProvider(ProviderFactory.java:85)
	at org.apache.maven.surefire.booter.ForkedBooter.runSuitesInProcess(ForkedBooter.java:115)
	at org.apache.maven.surefire.booter.ForkedBooter.main(ForkedBooter.java:75)
Caused by: org.apache.hadoop.hbase.client.RetriesExhaustedException: Can&apos;t get the locations
	at org.apache.hadoop.hbase.client.RpcRetryingCallerWithReadReplicas.getRegionLocations(RpcRetryingCallerWithReadReplicas.java:312)
	at org.apache.hadoop.hbase.client.ScannerCallableWithReplicas.call(ScannerCallableWithReplicas.java:156)
	at org.apache.hadoop.hbase.client.ScannerCallableWithReplicas.call(ScannerCallableWithReplicas.java:60)
	at org.apache.hadoop.hbase.client.RpcRetryingCaller.callWithoutRetries(RpcRetryingCaller.java:210)
	at org.apache.hadoop.hbase.client.ClientScanner.call(ClientScanner.java:327)
	at org.apache.hadoop.hbase.client.ClientScanner.nextScanner(ClientScanner.java:302)
	at org.apache.hadoop.hbase.client.ClientScanner.initializeScannerInConstruction(ClientScanner.java:167)
	at org.apache.hadoop.hbase.client.ClientScanner.&lt;init&gt;(ClientScanner.java:162)
	at org.apache.hadoop.hbase.client.HTable.getScanner(HTable.java:797)
	at org.apache.hadoop.hbase.MetaTableAccessor.fullScan(MetaTableAccessor.java:602)
	at org.apache.hadoop.hbase.MetaTableAccessor.tableExists(MetaTableAccessor.java:366)
	at org.apache.hadoop.hbase.client.HBaseAdmin.tableExists(HBaseAdmin.java:403)
	at org.apache.phoenix.query.ConnectionQueryServicesImpl$13.call(ConnectionQueryServicesImpl.java:2402)
	... 43 more
" type="com.alibaba.datax.common.exception.DataXException">com.alibaba.datax.common.exception.DataXException: Code:[Hbasewriter-02], Description:[获取phoenix表的列值错误]. - HBase的columns配置不能为空,请添加目标表的列名配置.org.apache.hadoop.hbase.client.RetriesExhaustedException: Can&apos;t get the locations - java.sql.SQLException: org.apache.hadoop.hbase.client.RetriesExhaustedException: Can&apos;t get the locations
	at org.apache.phoenix.query.ConnectionQueryServicesImpl$13.call(ConnectionQueryServicesImpl.java:2468)
	at org.apache.phoenix.query.ConnectionQueryServicesImpl$13.call(ConnectionQueryServicesImpl.java:2374)
	at org.apache.phoenix.util.PhoenixContextExecutor.call(PhoenixContextExecutor.java:76)
	at org.apache.phoenix.query.ConnectionQueryServicesImpl.init(ConnectionQueryServicesImpl.java:2374)
	at org.apache.phoenix.jdbc.PhoenixDriver.getConnectionQueryServices(PhoenixDriver.java:255)
	at org.apache.phoenix.jdbc.PhoenixEmbeddedDriver.createConnection(PhoenixEmbeddedDriver.java:154)
	at org.apache.phoenix.jdbc.PhoenixDriver.connect(PhoenixDriver.java:221)
	at java.sql.DriverManager.getConnection(DriverManager.java:664)
	at java.sql.DriverManager.getConnection(DriverManager.java:270)
	at com.alibaba.datax.plugin.reader.hbase11xsqlreader.HbaseSQLHelper.getPColumnNames(HbaseSQLHelper.java:67)
	at com.alibaba.datax.plugin.reader.hbase11xsqlreader.HbaseSQLReaderConfig.parseTableConfig(HbaseSQLReaderConfig.java:127)
	at com.alibaba.datax.plugin.reader.hbase11xsqlreader.HbaseSQLReaderConfig.parse(HbaseSQLReaderConfig.java:71)
	at com.alibaba.datax.plugin.reader.hbase11xsqlreader.HbaseSQLHelper.parseConfig(HbaseSQLHelper.java:112)
	at com.alibaba.datax.plugin.reader.hbase11xsqlreader.HbaseSQLReaderTaskTest.generateSplitConfig(HbaseSQLReaderTaskTest.java:28)
	at com.alibaba.datax.plugin.reader.hbase11xsqlreader.HbaseSQLReaderTaskTest.testReadRecord(HbaseSQLReaderTaskTest.java:36)
	at sun.reflect.NativeMethodAccessorImpl.invoke0(Native Method)
	at sun.reflect.NativeMethodAccessorImpl.invoke(NativeMethodAccessorImpl.java:62)
	at sun.reflect.DelegatingMethodAccessorImpl.invoke(DelegatingMethodAccessorImpl.java:43)
	at java.lang.reflect.Method.invoke(Method.java:498)
	at org.junit.runners.model.FrameworkMethod$1.runReflectiveCall(FrameworkMethod.java:47)
	at org.junit.internal.runners.model.ReflectiveCallable.run(ReflectiveCallable.java:12)
	at org.junit.runners.model.FrameworkMethod.invokeExplosively(FrameworkMethod.java:44)
	at org.junit.internal.runners.statements.InvokeMethod.evaluate(InvokeMethod.java:17)
	at org.junit.runners.ParentRunner.runLeaf(ParentRunner.java:271)
	at org.junit.runners.BlockJUnit4ClassRunner.runChild(BlockJUnit4ClassRunner.java:70)
	at org.junit.runners.BlockJUnit4ClassRunner.runChild(BlockJUnit4ClassRunner.java:50)
	at org.junit.runners.ParentRunner$3.run(ParentRunner.java:238)
	at org.junit.runners.ParentRunner$1.schedule(ParentRunner.java:63)
	at org.junit.runners.ParentRunner.runChildren(ParentRunner.java:236)
	at org.junit.runners.ParentRunner.access$000(ParentRunner.java:53)
	at org.junit.runners.ParentRunner$2.evaluate(ParentRunner.java:229)
	at org.junit.runners.ParentRunner.run(ParentRunner.java:309)
	at org.apache.maven.surefire.junit4.JUnit4Provider.execute(JUnit4Provider.java:252)
	at org.apache.maven.surefire.junit4.JUnit4Provider.executeTestSet(JUnit4Provider.java:141)
	at org.apache.maven.surefire.junit4.JUnit4Provider.invoke(JUnit4Provider.java:112)
	at sun.reflect.NativeMethodAccessorImpl.invoke0(Native Method)
	at sun.reflect.NativeMethodAccessorImpl.invoke(NativeMethodAccessorImpl.java:62)
	at sun.reflect.DelegatingMethodAccessorImpl.invoke(DelegatingMethodAccessorImpl.java:43)
	at java.lang.reflect.Method.invoke(Method.java:498)
	at org.apache.maven.surefire.util.ReflectionUtils.invokeMethodWithArray(ReflectionUtils.java:189)
	at org.apache.maven.surefire.booter.ProviderFactory$ProviderProxy.invoke(ProviderFactory.java:165)
	at org.apache.maven.surefire.booter.ProviderFactory.invokeProvider(ProviderFactory.java:85)
	at org.apache.maven.surefire.booter.ForkedBooter.runSuitesInProcess(ForkedBooter.java:115)
	at org.apache.maven.surefire.booter.ForkedBooter.main(ForkedBooter.java:75)
Caused by: org.apache.hadoop.hbase.client.RetriesExhaustedException: Can&apos;t get the locations
	at org.apache.hadoop.hbase.client.RpcRetryingCallerWithReadReplicas.getRegionLocations(RpcRetryingCallerWithReadReplicas.java:312)
	at org.apache.hadoop.hbase.client.ScannerCallableWithReplicas.call(ScannerCallableWithReplicas.java:156)
	at org.apache.hadoop.hbase.client.ScannerCallableWithReplicas.call(ScannerCallableWithReplicas.java:60)
	at org.apache.hadoop.hbase.client.RpcRetryingCaller.callWithoutRetries(RpcRetryingCaller.java:210)
	at org.apache.hadoop.hbase.client.ClientScanner.call(ClientScanner.java:327)
	at org.apache.hadoop.hbase.client.ClientScanner.nextScanner(ClientScanner.java:302)
	at org.apache.hadoop.hbase.client.ClientScanner.initializeScannerInConstruction(ClientScanner.java:167)
	at org.apache.hadoop.hbase.client.ClientScanner.&lt;init&gt;(ClientScanner.java:162)
	at org.apache.hadoop.hbase.client.HTable.getScanner(HTable.java:797)
	at org.apache.hadoop.hbase.MetaTableAccessor.fullScan(MetaTableAccessor.java:602)
	at org.apache.hadoop.hbase.MetaTableAccessor.tableExists(MetaTableAccessor.java:366)
	at org.apache.hadoop.hbase.client.HBaseAdmin.tableExists(HBaseAdmin.java:403)
	at org.apache.phoenix.query.ConnectionQueryServicesImpl$13.call(ConnectionQueryServicesImpl.java:2402)
	... 43 more

	at com.alibaba.datax.common.exception.DataXException.asDataXException(DataXException.java:33)
	at com.alibaba.datax.plugin.reader.hbase11xsqlreader.HbaseSQLReaderConfig.parseTableConfig(HbaseSQLReaderConfig.java:130)
	at com.alibaba.datax.plugin.reader.hbase11xsqlreader.HbaseSQLReaderConfig.parse(HbaseSQLReaderConfig.java:71)
	at com.alibaba.datax.plugin.reader.hbase11xsqlreader.HbaseSQLHelper.parseConfig(HbaseSQLHelper.java:112)
	at com.alibaba.datax.plugin.reader.hbase11xsqlreader.HbaseSQLReaderTaskTest.generateSplitConfig(HbaseSQLReaderTaskTest.java:28)
	at com.alibaba.datax.plugin.reader.hbase11xsqlreader.HbaseSQLReaderTaskTest.testReadRecord(HbaseSQLReaderTaskTest.java:36)
	at sun.reflect.NativeMethodAccessorImpl.invoke0(Native Method)
	at sun.reflect.NativeMethodAccessorImpl.invoke(NativeMethodAccessorImpl.java:62)
	at sun.reflect.DelegatingMethodAccessorImpl.invoke(DelegatingMethodAccessorImpl.java:43)
	at java.lang.reflect.Method.invoke(Method.java:498)
	at org.junit.runners.model.FrameworkMethod$1.runReflectiveCall(FrameworkMethod.java:47)
	at org.junit.internal.runners.model.ReflectiveCallable.run(ReflectiveCallable.java:12)
	at org.junit.runners.model.FrameworkMethod.invokeExplosively(FrameworkMethod.java:44)
	at org.junit.internal.runners.statements.InvokeMethod.evaluate(InvokeMethod.java:17)
	at org.junit.runners.ParentRunner.runLeaf(ParentRunner.java:271)
	at org.junit.runners.BlockJUnit4ClassRunner.runChild(BlockJUnit4ClassRunner.java:70)
	at org.junit.runners.BlockJUnit4ClassRunner.runChild(BlockJUnit4ClassRunner.java:50)
	at org.junit.runners.ParentRunner$3.run(ParentRunner.java:238)
	at org.junit.runners.ParentRunner$1.schedule(ParentRunner.java:63)
	at org.junit.runners.ParentRunner.runChildren(ParentRunner.java:236)
	at org.junit.runners.ParentRunner.access$000(ParentRunner.java:53)
	at org.junit.runners.ParentRunner$2.evaluate(ParentRunner.java:229)
	at org.junit.runners.ParentRunner.run(ParentRunner.java:309)
	at org.apache.maven.surefire.junit4.JUnit4Provider.execute(JUnit4Provider.java:252)
	at org.apache.maven.surefire.junit4.JUnit4Provider.executeTestSet(JUnit4Provider.java:141)
	at org.apache.maven.surefire.junit4.JUnit4Provider.invoke(JUnit4Provider.java:112)
	at sun.reflect.NativeMethodAccessorImpl.invoke0(Native Method)
	at sun.reflect.NativeMethodAccessorImpl.invoke(NativeMethodAccessorImpl.java:62)
	at sun.reflect.DelegatingMethodAccessorImpl.invoke(DelegatingMethodAccessorImpl.java:43)
	at java.lang.reflect.Method.invoke(Method.java:498)
	at org.apache.maven.surefire.util.ReflectionUtils.invokeMethodWithArray(ReflectionUtils.java:189)
	at org.apache.maven.surefire.booter.ProviderFactory$ProviderProxy.invoke(ProviderFactory.java:165)
	at org.apache.maven.surefire.booter.ProviderFactory.invokeProvider(ProviderFactory.java:85)
	at org.apache.maven.surefire.booter.ForkedBooter.runSuitesInProcess(ForkedBooter.java:115)
	at org.apache.maven.surefire.booter.ForkedBooter.main(ForkedBooter.java:75)
Caused by: java.sql.SQLException: org.apache.hadoop.hbase.client.RetriesExhaustedException: Can&apos;t get the locations
	at org.apache.phoenix.query.ConnectionQueryServicesImpl$13.call(ConnectionQueryServicesImpl.java:2468)
	at org.apache.phoenix.query.ConnectionQueryServicesImpl$13.call(ConnectionQueryServicesImpl.java:2374)
	at org.apache.phoenix.util.PhoenixContextExecutor.call(PhoenixContextExecutor.java:76)
	at org.apache.phoenix.query.ConnectionQueryServicesImpl.init(ConnectionQueryServicesImpl.java:2374)
	at org.apache.phoenix.jdbc.PhoenixDriver.getConnectionQueryServices(PhoenixDriver.java:255)
	at org.apache.phoenix.jdbc.PhoenixEmbeddedDriver.createConnection(PhoenixEmbeddedDriver.java:154)
	at org.apache.phoenix.jdbc.PhoenixDriver.connect(PhoenixDriver.java:221)
	at java.sql.DriverManager.getConnection(DriverManager.java:664)
	at java.sql.DriverManager.getConnection(DriverManager.java:270)
	at com.alibaba.datax.plugin.reader.hbase11xsqlreader.HbaseSQLHelper.getPColumnNames(HbaseSQLHelper.java:67)
	at com.alibaba.datax.plugin.reader.hbase11xsqlreader.HbaseSQLReaderConfig.parseTableConfig(HbaseSQLReaderConfig.java:127)
	... 33 more
Caused by: org.apache.hadoop.hbase.client.RetriesExhaustedException: Can&apos;t get the locations
	at org.apache.hadoop.hbase.client.RpcRetryingCallerWithReadReplicas.getRegionLocations(RpcRetryingCallerWithReadReplicas.java:312)
	at org.apache.hadoop.hbase.client.ScannerCallableWithReplicas.call(ScannerCallableWithReplicas.java:156)
	at org.apache.hadoop.hbase.client.ScannerCallableWithReplicas.call(ScannerCallableWithReplicas.java:60)
	at org.apache.hadoop.hbase.client.RpcRetryingCaller.callWithoutRetries(RpcRetryingCaller.java:210)
	at org.apache.hadoop.hbase.client.ClientScanner.call(ClientScanner.java:327)
	at org.apache.hadoop.hbase.client.ClientScanner.nextScanner(ClientScanner.java:302)
	at org.apache.hadoop.hbase.client.ClientScanner.initializeScannerInConstruction(ClientScanner.java:167)
	at org.apache.hadoop.hbase.client.ClientScanner.&lt;init&gt;(ClientScanner.java:162)
	at org.apache.hadoop.hbase.client.HTable.getScanner(HTable.java:797)
	at org.apache.hadoop.hbase.MetaTableAccessor.fullScan(MetaTableAccessor.java:602)
	at org.apache.hadoop.hbase.MetaTableAccessor.tableExists(MetaTableAccessor.java:366)
	at org.apache.hadoop.hbase.client.HBaseAdmin.tableExists(HBaseAdmin.java:403)
	at org.apache.phoenix.query.ConnectionQueryServicesImpl$13.call(ConnectionQueryServicesImpl.java:2402)
	... 43 more
</error>
    <system-out>17:53:23.883 [main] DEBUG o.a.p.j.PhoenixEmbeddedDriver$ConnectionInfo - Principal and keytab not provided, not attempting Kerberos login
17:53:23.933 [main] INFO  o.a.p.q.ConnectionQueryServicesImpl - An instance of ConnectionQueryServices was created.
17:53:23.934 [main] INFO  org.apache.zookeeper.ZooKeeper - Initiating client connection, connectString=hb-proxy-pub-xxx-001.hbase.rds.aliyuncs.com:2181,hb-proxy-pub-xxx-002.hbase.rds.aliyuncs.com:2181,hb-proxy-pub-xxx-003.hbase.rds.aliyuncs.com:2181 sessionTimeout=90000 watcher=hconnection-0x2c78324b0x0, quorum=hb-proxy-pub-xxx-001.hbase.rds.aliyuncs.com:2181,hb-proxy-pub-xxx-002.hbase.rds.aliyuncs.com:2181,hb-proxy-pub-xxx-003.hbase.rds.aliyuncs.com:2181, baseZNode=/hbase
17:53:23.934 [main] INFO  org.apache.zookeeper.ZooKeeper - Initiating client connection, connectString=hb-proxy-pub-xxx-001.hbase.rds.aliyuncs.com:2181,hb-proxy-pub-xxx-002.hbase.rds.aliyuncs.com:2181,hb-proxy-pub-xxx-003.hbase.rds.aliyuncs.com:2181 sessionTimeout=90000 watcher=hconnection-0x2c78324b0x0, quorum=hb-proxy-pub-xxx-001.hbase.rds.aliyuncs.com:2181,hb-proxy-pub-xxx-002.hbase.rds.aliyuncs.com:2181,hb-proxy-pub-xxx-003.hbase.rds.aliyuncs.com:2181, baseZNode=/hbase
17:53:24.935 [main] INFO  org.apache.zookeeper.ZooKeeper - Initiating client connection, connectString=hb-proxy-pub-xxx-001.hbase.rds.aliyuncs.com:2181,hb-proxy-pub-xxx-002.hbase.rds.aliyuncs.com:2181,hb-proxy-pub-xxx-003.hbase.rds.aliyuncs.com:2181 sessionTimeout=90000 watcher=hconnection-0x2c78324b0x0, quorum=hb-proxy-pub-xxx-001.hbase.rds.aliyuncs.com:2181,hb-proxy-pub-xxx-002.hbase.rds.aliyuncs.com:2181,hb-proxy-pub-xxx-003.hbase.rds.aliyuncs.com:2181, baseZNode=/hbase
17:53:26.936 [main] INFO  org.apache.zookeeper.ZooKeeper - Initiating client connection, connectString=hb-proxy-pub-xxx-001.hbase.rds.aliyuncs.com:2181,hb-proxy-pub-xxx-002.hbase.rds.aliyuncs.com:2181,hb-proxy-pub-xxx-003.hbase.rds.aliyuncs.com:2181 sessionTimeout=90000 watcher=hconnection-0x2c78324b0x0, quorum=hb-proxy-pub-xxx-001.hbase.rds.aliyuncs.com:2181,hb-proxy-pub-xxx-002.hbase.rds.aliyuncs.com:2181,hb-proxy-pub-xxx-003.hbase.rds.aliyuncs.com:2181, baseZNode=/hbase
17:53:30.936 [main] INFO  org.apache.zookeeper.ZooKeeper - Initiating client connection, connectString=hb-proxy-pub-xxx-001.hbase.rds.aliyuncs.com:2181,hb-proxy-pub-xxx-002.hbase.rds.aliyuncs.com:2181,hb-proxy-pub-xxx-003.hbase.rds.aliyuncs.com:2181 sessionTimeout=90000 watcher=hconnection-0x2c78324b0x0, quorum=hb-proxy-pub-xxx-001.hbase.rds.aliyuncs.com:2181,hb-proxy-pub-xxx-002.hbase.rds.aliyuncs.com:2181,hb-proxy-pub-xxx-003.hbase.rds.aliyuncs.com:2181, baseZNode=/hbase
17:53:38.937 [main] INFO  org.apache.zookeeper.ZooKeeper - Initiating client connection, connectString=hb-proxy-pub-xxx-001.hbase.rds.aliyuncs.com:2181,hb-proxy-pub-xxx-002.hbase.rds.aliyuncs.com:2181,hb-proxy-pub-xxx-003.hbase.rds.aliyuncs.com:2181 sessionTimeout=90000 watcher=hconnection-0x2c78324b0x0, quorum=hb-proxy-pub-xxx-001.hbase.rds.aliyuncs.com:2181,hb-proxy-pub-xxx-002.hbase.rds.aliyuncs.com:2181,hb-proxy-pub-xxx-003.hbase.rds.aliyuncs.com:2181, baseZNode=/hbase
17:53:38.991 [main] INFO  o.a.p.q.ConnectionQueryServicesImpl - HConnection established. Stacktrace for informational purposes: hconnection-0x2c78324b
17:53:38.991 [main] INFO  org.apache.zookeeper.ZooKeeper - Initiating client connection, connectString=hb-proxy-pub-xxx-001.hbase.rds.aliyuncs.com:2181,hb-proxy-pub-xxx-002.hbase.rds.aliyuncs.com:2181,hb-proxy-pub-xxx-003.hbase.rds.aliyuncs.com:2181 sessionTimeout=90000 watcher=hconnection-0x2c78324b0x0, quorum=hb-proxy-pub-xxx-001.hbase.rds.aliyuncs.com:2181,hb-proxy-pub-xxx-002.hbase.rds.aliyuncs.com:2181,hb-proxy-pub-xxx-003.hbase.rds.aliyuncs.com:2181, baseZNode=/hbase
17:53:39.991 [main] INFO  org.apache.zookeeper.ZooKeeper - Initiating client connection, connectString=hb-proxy-pub-xxx-001.hbase.rds.aliyuncs.com:2181,hb-proxy-pub-xxx-002.hbase.rds.aliyuncs.com:2181,hb-proxy-pub-xxx-003.hbase.rds.aliyuncs.com:2181 sessionTimeout=90000 watcher=hconnection-0x2c78324b0x0, quorum=hb-proxy-pub-xxx-001.hbase.rds.aliyuncs.com:2181,hb-proxy-pub-xxx-002.hbase.rds.aliyuncs.com:2181,hb-proxy-pub-xxx-003.hbase.rds.aliyuncs.com:2181, baseZNode=/hbase
17:53:41.992 [main] INFO  org.apache.zookeeper.ZooKeeper - Initiating client connection, connectString=hb-proxy-pub-xxx-001.hbase.rds.aliyuncs.com:2181,hb-proxy-pub-xxx-002.hbase.rds.aliyuncs.com:2181,hb-proxy-pub-xxx-003.hbase.rds.aliyuncs.com:2181 sessionTimeout=90000 watcher=hconnection-0x2c78324b0x0, quorum=hb-proxy-pub-xxx-001.hbase.rds.aliyuncs.com:2181,hb-proxy-pub-xxx-002.hbase.rds.aliyuncs.com:2181,hb-proxy-pub-xxx-003.hbase.rds.aliyuncs.com:2181, baseZNode=/hbase
17:53:45.992 [main] INFO  org.apache.zookeeper.ZooKeeper - Initiating client connection, connectString=hb-proxy-pub-xxx-001.hbase.rds.aliyuncs.com:2181,hb-proxy-pub-xxx-002.hbase.rds.aliyuncs.com:2181,hb-proxy-pub-xxx-003.hbase.rds.aliyuncs.com:2181 sessionTimeout=90000 watcher=hconnection-0x2c78324b0x0, quorum=hb-proxy-pub-xxx-001.hbase.rds.aliyuncs.com:2181,hb-proxy-pub-xxx-002.hbase.rds.aliyuncs.com:2181,hb-proxy-pub-xxx-003.hbase.rds.aliyuncs.com:2181, baseZNode=/hbase
17:53:53.992 [main] INFO  org.apache.zookeeper.ZooKeeper - Initiating client connection, connectString=hb-proxy-pub-xxx-001.hbase.rds.aliyuncs.com:2181,hb-proxy-pub-xxx-002.hbase.rds.aliyuncs.com:2181,hb-proxy-pub-xxx-003.hbase.rds.aliyuncs.com:2181 sessionTimeout=90000 watcher=hconnection-0x2c78324b0x0, quorum=hb-proxy-pub-xxx-001.hbase.rds.aliyuncs.com:2181,hb-proxy-pub-xxx-002.hbase.rds.aliyuncs.com:2181,hb-proxy-pub-xxx-003.hbase.rds.aliyuncs.com:2181, baseZNode=/hbase
17:53:54.045 [main] INFO  org.apache.zookeeper.ZooKeeper - Initiating client connection, connectString=hb-proxy-pub-xxx-001.hbase.rds.aliyuncs.com:2181,hb-proxy-pub-xxx-002.hbase.rds.aliyuncs.com:2181,hb-proxy-pub-xxx-003.hbase.rds.aliyuncs.com:2181 sessionTimeout=90000 watcher=hconnection-0x2c78324b0x0, quorum=hb-proxy-pub-xxx-001.hbase.rds.aliyuncs.com:2181,hb-proxy-pub-xxx-002.hbase.rds.aliyuncs.com:2181,hb-proxy-pub-xxx-003.hbase.rds.aliyuncs.com:2181, baseZNode=/hbase
17:53:55.045 [main] INFO  org.apache.zookeeper.ZooKeeper - Initiating client connection, connectString=hb-proxy-pub-xxx-001.hbase.rds.aliyuncs.com:2181,hb-proxy-pub-xxx-002.hbase.rds.aliyuncs.com:2181,hb-proxy-pub-xxx-003.hbase.rds.aliyuncs.com:2181 sessionTimeout=90000 watcher=hconnection-0x2c78324b0x0, quorum=hb-proxy-pub-xxx-001.hbase.rds.aliyuncs.com:2181,hb-proxy-pub-xxx-002.hbase.rds.aliyuncs.com:2181,hb-proxy-pub-xxx-003.hbase.rds.aliyuncs.com:2181, baseZNode=/hbase
17:53:57.046 [main] INFO  org.apache.zookeeper.ZooKeeper - Initiating client connection, connectString=hb-proxy-pub-xxx-001.hbase.rds.aliyuncs.com:2181,hb-proxy-pub-xxx-002.hbase.rds.aliyuncs.com:2181,hb-proxy-pub-xxx-003.hbase.rds.aliyuncs.com:2181 sessionTimeout=90000 watcher=hconnection-0x2c78324b0x0, quorum=hb-proxy-pub-xxx-001.hbase.rds.aliyuncs.com:2181,hb-proxy-pub-xxx-002.hbase.rds.aliyuncs.com:2181,hb-proxy-pub-xxx-003.hbase.rds.aliyuncs.com:2181, baseZNode=/hbase
17:54:01.047 [main] INFO  org.apache.zookeeper.ZooKeeper - Initiating client connection, connectString=hb-proxy-pub-xxx-001.hbase.rds.aliyuncs.com:2181,hb-proxy-pub-xxx-002.hbase.rds.aliyuncs.com:2181,hb-proxy-pub-xxx-003.hbase.rds.aliyuncs.com:2181 sessionTimeout=90000 watcher=hconnection-0x2c78324b0x0, quorum=hb-proxy-pub-xxx-001.hbase.rds.aliyuncs.com:2181,hb-proxy-pub-xxx-002.hbase.rds.aliyuncs.com:2181,hb-proxy-pub-xxx-003.hbase.rds.aliyuncs.com:2181, baseZNode=/hbase
17:54:09.047 [main] INFO  org.apache.zookeeper.ZooKeeper - Initiating client connection, connectString=hb-proxy-pub-xxx-001.hbase.rds.aliyuncs.com:2181,hb-proxy-pub-xxx-002.hbase.rds.aliyuncs.com:2181,hb-proxy-pub-xxx-003.hbase.rds.aliyuncs.com:2181 sessionTimeout=90000 watcher=hconnection-0x2c78324b0x0, quorum=hb-proxy-pub-xxx-001.hbase.rds.aliyuncs.com:2181,hb-proxy-pub-xxx-002.hbase.rds.aliyuncs.com:2181,hb-proxy-pub-xxx-003.hbase.rds.aliyuncs.com:2181, baseZNode=/hbase
17:54:09.497 [main] INFO  org.apache.zookeeper.ZooKeeper - Initiating client connection, connectString=hb-proxy-pub-xxx-001.hbase.rds.aliyuncs.com:2181,hb-proxy-pub-xxx-002.hbase.rds.aliyuncs.com:2181,hb-proxy-pub-xxx-003.hbase.rds.aliyuncs.com:2181 sessionTimeout=90000 watcher=hconnection-0x2c78324b0x0, quorum=hb-proxy-pub-xxx-001.hbase.rds.aliyuncs.com:2181,hb-proxy-pub-xxx-002.hbase.rds.aliyuncs.com:2181,hb-proxy-pub-xxx-003.hbase.rds.aliyuncs.com:2181, baseZNode=/hbase
17:54:10.501 [main] INFO  org.apache.zookeeper.ZooKeeper - Initiating client connection, connectString=hb-proxy-pub-xxx-001.hbase.rds.aliyuncs.com:2181,hb-proxy-pub-xxx-002.hbase.rds.aliyuncs.com:2181,hb-proxy-pub-xxx-003.hbase.rds.aliyuncs.com:2181 sessionTimeout=90000 watcher=hconnection-0x2c78324b0x0, quorum=hb-proxy-pub-xxx-001.hbase.rds.aliyuncs.com:2181,hb-proxy-pub-xxx-002.hbase.rds.aliyuncs.com:2181,hb-proxy-pub-xxx-003.hbase.rds.aliyuncs.com:2181, baseZNode=/hbase
17:54:12.502 [main] INFO  org.apache.zookeeper.ZooKeeper - Initiating client connection, connectString=hb-proxy-pub-xxx-001.hbase.rds.aliyuncs.com:2181,hb-proxy-pub-xxx-002.hbase.rds.aliyuncs.com:2181,hb-proxy-pub-xxx-003.hbase.rds.aliyuncs.com:2181 sessionTimeout=90000 watcher=hconnection-0x2c78324b0x0, quorum=hb-proxy-pub-xxx-001.hbase.rds.aliyuncs.com:2181,hb-proxy-pub-xxx-002.hbase.rds.aliyuncs.com:2181,hb-proxy-pub-xxx-003.hbase.rds.aliyuncs.com:2181, baseZNode=/hbase
17:54:16.502 [main] INFO  org.apache.zookeeper.ZooKeeper - Initiating client connection, connectString=hb-proxy-pub-xxx-001.hbase.rds.aliyuncs.com:2181,hb-proxy-pub-xxx-002.hbase.rds.aliyuncs.com:2181,hb-proxy-pub-xxx-003.hbase.rds.aliyuncs.com:2181 sessionTimeout=90000 watcher=hconnection-0x2c78324b0x0, quorum=hb-proxy-pub-xxx-001.hbase.rds.aliyuncs.com:2181,hb-proxy-pub-xxx-002.hbase.rds.aliyuncs.com:2181,hb-proxy-pub-xxx-003.hbase.rds.aliyuncs.com:2181, baseZNode=/hbase
17:54:24.502 [main] INFO  org.apache.zookeeper.ZooKeeper - Initiating client connection, connectString=hb-proxy-pub-xxx-001.hbase.rds.aliyuncs.com:2181,hb-proxy-pub-xxx-002.hbase.rds.aliyuncs.com:2181,hb-proxy-pub-xxx-003.hbase.rds.aliyuncs.com:2181 sessionTimeout=90000 watcher=hconnection-0x2c78324b0x0, quorum=hb-proxy-pub-xxx-001.hbase.rds.aliyuncs.com:2181,hb-proxy-pub-xxx-002.hbase.rds.aliyuncs.com:2181,hb-proxy-pub-xxx-003.hbase.rds.aliyuncs.com:2181, baseZNode=/hbase
17:54:24.754 [main] INFO  org.apache.zookeeper.ZooKeeper - Initiating client connection, connectString=hb-proxy-pub-xxx-001.hbase.rds.aliyuncs.com:2181,hb-proxy-pub-xxx-002.hbase.rds.aliyuncs.com:2181,hb-proxy-pub-xxx-003.hbase.rds.aliyuncs.com:2181 sessionTimeout=90000 watcher=hconnection-0x2c78324b0x0, quorum=hb-proxy-pub-xxx-001.hbase.rds.aliyuncs.com:2181,hb-proxy-pub-xxx-002.hbase.rds.aliyuncs.com:2181,hb-proxy-pub-xxx-003.hbase.rds.aliyuncs.com:2181, baseZNode=/hbase
17:54:25.754 [main] INFO  org.apache.zookeeper.ZooKeeper - Initiating client connection, connectString=hb-proxy-pub-xxx-001.hbase.rds.aliyuncs.com:2181,hb-proxy-pub-xxx-002.hbase.rds.aliyuncs.com:2181,hb-proxy-pub-xxx-003.hbase.rds.aliyuncs.com:2181 sessionTimeout=90000 watcher=hconnection-0x2c78324b0x0, quorum=hb-proxy-pub-xxx-001.hbase.rds.aliyuncs.com:2181,hb-proxy-pub-xxx-002.hbase.rds.aliyuncs.com:2181,hb-proxy-pub-xxx-003.hbase.rds.aliyuncs.com:2181, baseZNode=/hbase
17:54:27.755 [main] INFO  org.apache.zookeeper.ZooKeeper - Initiating client connection, connectString=hb-proxy-pub-xxx-001.hbase.rds.aliyuncs.com:2181,hb-proxy-pub-xxx-002.hbase.rds.aliyuncs.com:2181,hb-proxy-pub-xxx-003.hbase.rds.aliyuncs.com:2181 sessionTimeout=90000 watcher=hconnection-0x2c78324b0x0, quorum=hb-proxy-pub-xxx-001.hbase.rds.aliyuncs.com:2181,hb-proxy-pub-xxx-002.hbase.rds.aliyuncs.com:2181,hb-proxy-pub-xxx-003.hbase.rds.aliyuncs.com:2181, baseZNode=/hbase
17:54:31.755 [main] INFO  org.apache.zookeeper.ZooKeeper - Initiating client connection, connectString=hb-proxy-pub-xxx-001.hbase.rds.aliyuncs.com:2181,hb-proxy-pub-xxx-002.hbase.rds.aliyuncs.com:2181,hb-proxy-pub-xxx-003.hbase.rds.aliyuncs.com:2181 sessionTimeout=90000 watcher=hconnection-0x2c78324b0x0, quorum=hb-proxy-pub-xxx-001.hbase.rds.aliyuncs.com:2181,hb-proxy-pub-xxx-002.hbase.rds.aliyuncs.com:2181,hb-proxy-pub-xxx-003.hbase.rds.aliyuncs.com:2181, baseZNode=/hbase
17:54:39.756 [main] INFO  org.apache.zookeeper.ZooKeeper - Initiating client connection, connectString=hb-proxy-pub-xxx-001.hbase.rds.aliyuncs.com:2181,hb-proxy-pub-xxx-002.hbase.rds.aliyuncs.com:2181,hb-proxy-pub-xxx-003.hbase.rds.aliyuncs.com:2181 sessionTimeout=90000 watcher=hconnection-0x2c78324b0x0, quorum=hb-proxy-pub-xxx-001.hbase.rds.aliyuncs.com:2181,hb-proxy-pub-xxx-002.hbase.rds.aliyuncs.com:2181,hb-proxy-pub-xxx-003.hbase.rds.aliyuncs.com:2181, baseZNode=/hbase
17:54:40.029 [main] INFO  org.apache.zookeeper.ZooKeeper - Initiating client connection, connectString=hb-proxy-pub-xxx-001.hbase.rds.aliyuncs.com:2181,hb-proxy-pub-xxx-002.hbase.rds.aliyuncs.com:2181,hb-proxy-pub-xxx-003.hbase.rds.aliyuncs.com:2181 sessionTimeout=90000 watcher=hconnection-0x2c78324b0x0, quorum=hb-proxy-pub-xxx-001.hbase.rds.aliyuncs.com:2181,hb-proxy-pub-xxx-002.hbase.rds.aliyuncs.com:2181,hb-proxy-pub-xxx-003.hbase.rds.aliyuncs.com:2181, baseZNode=/hbase
17:54:41.029 [main] INFO  org.apache.zookeeper.ZooKeeper - Initiating client connection, connectString=hb-proxy-pub-xxx-001.hbase.rds.aliyuncs.com:2181,hb-proxy-pub-xxx-002.hbase.rds.aliyuncs.com:2181,hb-proxy-pub-xxx-003.hbase.rds.aliyuncs.com:2181 sessionTimeout=90000 watcher=hconnection-0x2c78324b0x0, quorum=hb-proxy-pub-xxx-001.hbase.rds.aliyuncs.com:2181,hb-proxy-pub-xxx-002.hbase.rds.aliyuncs.com:2181,hb-proxy-pub-xxx-003.hbase.rds.aliyuncs.com:2181, baseZNode=/hbase
17:54:43.030 [main] INFO  org.apache.zookeeper.ZooKeeper - Initiating client connection, connectString=hb-proxy-pub-xxx-001.hbase.rds.aliyuncs.com:2181,hb-proxy-pub-xxx-002.hbase.rds.aliyuncs.com:2181,hb-proxy-pub-xxx-003.hbase.rds.aliyuncs.com:2181 sessionTimeout=90000 watcher=hconnection-0x2c78324b0x0, quorum=hb-proxy-pub-xxx-001.hbase.rds.aliyuncs.com:2181,hb-proxy-pub-xxx-002.hbase.rds.aliyuncs.com:2181,hb-proxy-pub-xxx-003.hbase.rds.aliyuncs.com:2181, baseZNode=/hbase
17:54:47.031 [main] INFO  org.apache.zookeeper.ZooKeeper - Initiating client connection, connectString=hb-proxy-pub-xxx-001.hbase.rds.aliyuncs.com:2181,hb-proxy-pub-xxx-002.hbase.rds.aliyuncs.com:2181,hb-proxy-pub-xxx-003.hbase.rds.aliyuncs.com:2181 sessionTimeout=90000 watcher=hconnection-0x2c78324b0x0, quorum=hb-proxy-pub-xxx-001.hbase.rds.aliyuncs.com:2181,hb-proxy-pub-xxx-002.hbase.rds.aliyuncs.com:2181,hb-proxy-pub-xxx-003.hbase.rds.aliyuncs.com:2181, baseZNode=/hbase
17:54:55.031 [main] INFO  org.apache.zookeeper.ZooKeeper - Initiating client connection, connectString=hb-proxy-pub-xxx-001.hbase.rds.aliyuncs.com:2181,hb-proxy-pub-xxx-002.hbase.rds.aliyuncs.com:2181,hb-proxy-pub-xxx-003.hbase.rds.aliyuncs.com:2181 sessionTimeout=90000 watcher=hconnection-0x2c78324b0x0, quorum=hb-proxy-pub-xxx-001.hbase.rds.aliyuncs.com:2181,hb-proxy-pub-xxx-002.hbase.rds.aliyuncs.com:2181,hb-proxy-pub-xxx-003.hbase.rds.aliyuncs.com:2181, baseZNode=/hbase
17:54:55.084 [main] DEBUG o.apache.phoenix.jdbc.PhoenixDriver - Expiring hb-proxy-pub-xxx-001.hbase.rds.aliyuncs.com,hb-proxy-pub-xxx-002.hbase.rds.aliyuncs.com,hb-proxy-pub-xxx-003.hbase.rds.aliyuncs.com:2181:/hbase because of EXPLICIT
</system-out>
  </testcase>
</testsuite>